<?xml version="1.0" encoding="UTF-8"?>
<testsuite xmlns:xsi="http://www.w3.org/2001/XMLSchema-instance" xsi:noNamespaceSchemaLocation="https://maven.apache.org/surefire/maven-surefire-plugin/xsd/surefire-test-report.xsd" name="org.example.GetStruttureByFiltriTest" time="0.025" tests="1" errors="0" skipped="0" failures="0">
  <properties>
    <property name="java.specification.version" value="14"/>
    <property name="sun.jnu.encoding" value="UTF-8"/>
    <property name="java.class.path" value="/Users/giuseppe.porcaro/GitHub/INGSW1920_15/INGSW_API/target/test-classes:/Users/giuseppe.porcaro/GitHub/INGSW1920_15/INGSW_API/target/classes:/Users/giuseppe.porcaro/.m2/repository/junit/junit/4.11/junit-4.11.jar:/Users/giuseppe.porcaro/.m2/repository/org/hamcrest/hamcrest-core/1.3/hamcrest-core-1.3.jar:/Users/giuseppe.porcaro/.m2/repository/com/amazonaws/aws-lambda-java-core/1.2.0/aws-lambda-java-core-1.2.0.jar:/Users/giuseppe.porcaro/.m2/repository/com/amazonaws/aws-lambda-java-events/2.2.7/aws-lambda-java-events-2.2.7.jar:/Users/giuseppe.porcaro/.m2/repository/joda-time/joda-time/2.6/joda-time-2.6.jar:/Users/giuseppe.porcaro/.m2/repository/mysql/mysql-connector-java/8.0.19/mysql-connector-java-8.0.19.jar:/Users/giuseppe.porcaro/.m2/repository/com/google/protobuf/protobuf-java/3.6.1/protobuf-java-3.6.1.jar:"/>
    <property name="java.vm.vendor" value="Oracle Corporation"/>
    <property name="sun.arch.data.model" value="64"/>
    <property name="java.vendor.url" value="https://java.oracle.com/"/>
    <property name="os.name" value="Mac OS X"/>
    <property name="java.vm.specification.version" value="14"/>
    <property name="sun.java.launcher" value="SUN_STANDARD"/>
    <property name="user.country" value="IT"/>
    <property name="sun.boot.library.path" value="/Library/Java/JavaVirtualMachines/jdk-14.0.1.jdk/Contents/Home/lib"/>
    <property name="sun.java.command" value="/Users/giuseppe.porcaro/GitHub/INGSW1920_15/INGSW_API/target/surefire/surefirebooter6302380385920161591.jar /Users/giuseppe.porcaro/GitHub/INGSW1920_15/INGSW_API/target/surefire 2020-08-27T02-56-02_649-jvmRun1 surefire12776010701568274962tmp surefire_09677855902367331358tmp"/>
    <property name="http.nonProxyHosts" value="local|*.local|169.254/16|*.169.254/16"/>
    <property name="jdk.debug" value="release"/>
    <property name="surefire.test.class.path" value="/Users/giuseppe.porcaro/GitHub/INGSW1920_15/INGSW_API/target/test-classes:/Users/giuseppe.porcaro/GitHub/INGSW1920_15/INGSW_API/target/classes:/Users/giuseppe.porcaro/.m2/repository/junit/junit/4.11/junit-4.11.jar:/Users/giuseppe.porcaro/.m2/repository/org/hamcrest/hamcrest-core/1.3/hamcrest-core-1.3.jar:/Users/giuseppe.porcaro/.m2/repository/com/amazonaws/aws-lambda-java-core/1.2.0/aws-lambda-java-core-1.2.0.jar:/Users/giuseppe.porcaro/.m2/repository/com/amazonaws/aws-lambda-java-events/2.2.7/aws-lambda-java-events-2.2.7.jar:/Users/giuseppe.porcaro/.m2/repository/joda-time/joda-time/2.6/joda-time-2.6.jar:/Users/giuseppe.porcaro/.m2/repository/mysql/mysql-connector-java/8.0.19/mysql-connector-java-8.0.19.jar:/Users/giuseppe.porcaro/.m2/repository/com/google/protobuf/protobuf-java/3.6.1/protobuf-java-3.6.1.jar:"/>
    <property name="sun.cpu.endian" value="little"/>
    <property name="user.home" value="/Users/giuseppe.porcaro"/>
    <property name="user.language" value="it"/>
    <property name="java.specification.vendor" value="Oracle Corporation"/>
    <property name="java.version.date" value="2020-04-14"/>
    <property name="java.home" value="/Library/Java/JavaVirtualMachines/jdk-14.0.1.jdk/Contents/Home"/>
    <property name="file.separator" value="/"/>
    <property name="basedir" value="/Users/giuseppe.porcaro/GitHub/INGSW1920_15/INGSW_API"/>
    <property name="java.vm.compressedOopsMode" value="Zero based"/>
    <property name="line.separator" value="&#10;"/>
    <property name="java.specification.name" value="Java Platform API Specification"/>
    <property name="java.vm.specification.vendor" value="Oracle Corporation"/>
    <property name="surefire.real.class.path" value="/Users/giuseppe.porcaro/GitHub/INGSW1920_15/INGSW_API/target/surefire/surefirebooter6302380385920161591.jar"/>
    <property name="sun.management.compiler" value="HotSpot 64-Bit Tiered Compilers"/>
    <property name="ftp.nonProxyHosts" value="local|*.local|169.254/16|*.169.254/16"/>
    <property name="java.runtime.version" value="14.0.1+7"/>
    <property name="user.name" value="giuseppe.porcaro"/>
    <property name="path.separator" value=":"/>
    <property name="os.version" value="10.15.6"/>
    <property name="java.runtime.name" value="Java(TM) SE Runtime Environment"/>
    <property name="file.encoding" value="UTF-8"/>
    <property name="java.vm.name" value="Java HotSpot(TM) 64-Bit Server VM"/>
    <property name="localRepository" value="/Users/giuseppe.porcaro/.m2/repository"/>
    <property name="java.vendor.url.bug" value="https://bugreport.java.com/bugreport/"/>
    <property name="java.io.tmpdir" value="/var/folders/7k/fmqr9zr56s5c46bj6kv7tw880000gn/T/"/>
    <property name="java.version" value="14.0.1"/>
    <property name="user.dir" value="/Users/giuseppe.porcaro/GitHub/INGSW1920_15/INGSW_API"/>
    <property name="os.arch" value="x86_64"/>
    <property name="java.vm.specification.name" value="Java Virtual Machine Specification"/>
    <property name="java.library.path" value="/Users/giuseppe.porcaro/Library/Java/Extensions:/Library/Java/Extensions:/Network/Library/Java/Extensions:/System/Library/Java/Extensions:/usr/lib/java:."/>
    <property name="java.vm.info" value="mixed mode, sharing"/>
    <property name="java.vendor" value="Oracle Corporation"/>
    <property name="java.vm.version" value="14.0.1+7"/>
    <property name="sun.io.unicode.encoding" value="UnicodeBig"/>
    <property name="socksNonProxyHosts" value="local|*.local|169.254/16|*.169.254/16"/>
    <property name="java.class.version" value="58.0"/>
  </properties>
  <testcase name="shouldAnswerWithTrue" classname="org.example.GetStruttureByFiltriTest" time="0.001"/>
</testsuite>